{
  "RSpec": {
    "coverage": {
      "/app/app/helpers/application_helper.rb": {
        "lines": [
          1,
          null
        ]
      },
      "/app/app/models/assessment.rb": {
        "lines": [
          1,
          1,
          null,
          1,
          1,
          1,
          null,
          null,
          1,
          null
        ]
      },
      "/app/app/models/application_record.rb": {
        "lines": [
          1,
          1,
          1,
          null
        ]
      },
      "/app/app/models/key_stage.rb": {
        "lines": [
          1,
          1,
          null,
          1,
          null,
          1,
          null
        ]
      },
      "/app/app/models/lesson.rb": {
        "lines": [
          1,
          1,
          null,
          1,
          1,
          1,
          null,
          1,
          null
        ]
      },
      "/app/app/models/unit.rb": {
        "lines": [
          1,
          1,
          1,
          1,
          null,
          1,
          null,
          1,
          null
        ]
      },
      "/app/app/models/year_group.rb": {
        "lines": [
          1,
          1,
          1,
          null,
          1,
          null
        ]
      },
      "/app/app/controllers/application_controller.rb": {
        "lines": [
          1,
          null
        ]
      },
      "/app/app/controllers/graphql_controller.rb": {
        "lines": [
          1,
          null,
          null,
          null,
          null,
          null,
          1,
          5,
          5,
          5,
          5,
          null,
          null,
          null,
          5,
          5,
          null,
          0,
          0,
          null,
          null,
          1,
          null,
          null,
          1,
          5,
          null,
          0,
          0,
          null,
          0,
          null,
          null,
          0,
          null,
          5,
          null,
          0,
          null,
          null,
          null,
          1,
          0,
          0,
          null,
          0,
          null,
          null
        ]
      },
      "/app/app/graphql/resource_repository_schema.rb": {
        "lines": [
          1,
          1,
          1,
          null,
          null,
          1,
          1,
          null,
          null,
          1,
          null
        ]
      },
      "/app/app/graphql/types/mutation_type.rb": {
        "lines": [
          1,
          1,
          1,
          1,
          null,
          null
        ]
      },
      "/app/app/graphql/types/base_object.rb": {
        "lines": [
          1,
          1,
          1,
          null,
          null
        ]
      },
      "/app/app/graphql/types/base_field.rb": {
        "lines": [
          1,
          1,
          1,
          null,
          null
        ]
      },
      "/app/app/graphql/types/base_argument.rb": {
        "lines": [
          1,
          1,
          null,
          null
        ]
      },
      "/app/app/graphql/mutations/create_key_stage.rb": {
        "lines": [
          1,
          1,
          null,
          1,
          1,
          null,
          1,
          null,
          null,
          1,
          null,
          1,
          0,
          null,
          null,
          null,
          null,
          null,
          null
        ]
      },
      "/app/app/graphql/mutations/base_mutation.rb": {
        "lines": [
          1,
          null,
          1,
          1,
          null,
          null
        ]
      },
      "/app/app/graphql/types/key_stage_type.rb": {
        "lines": [
          1,
          1,
          1,
          1,
          1,
          1,
          null,
          null
        ]
      },
      "/app/app/graphql/types/year_group_type.rb": {
        "lines": [
          1,
          1,
          1,
          1,
          1,
          null,
          null
        ]
      },
      "/app/app/graphql/mutations/create_year_group.rb": {
        "lines": [
          1,
          1,
          null,
          1,
          1,
          null,
          1,
          null,
          null,
          1,
          null,
          1,
          0,
          null,
          null,
          null,
          null,
          null,
          null,
          null
        ]
      },
      "/app/app/graphql/types/query_type.rb": {
        "lines": [
          1,
          1,
          1,
          1,
          1,
          1,
          1,
          null,
          null,
          1,
          1,
          null,
          null,
          1,
          1,
          null,
          null,
          1,
          0,
          null,
          null,
          null,
          1,
          1,
          null,
          null,
          1,
          1,
          null,
          null,
          1,
          0,
          null,
          null,
          null,
          1,
          1,
          null,
          null,
          1,
          1,
          null,
          null,
          1,
          0,
          null,
          null,
          null,
          1,
          1,
          null,
          null,
          1,
          1,
          null,
          null,
          1,
          0,
          null,
          null,
          null,
          1,
          1,
          null,
          null,
          1,
          1,
          null,
          null,
          1,
          0,
          null,
          null,
          null
        ]
      },
      "/app/app/graphql/types/assessment_type.rb": {
        "lines": [
          1,
          1,
          1,
          1,
          1,
          null,
          null
        ]
      },
      "/app/app/graphql/types/lesson_type.rb": {
        "lines": [
          1,
          1,
          1,
          1,
          1,
          null,
          null
        ]
      },
      "/app/app/graphql/types/unit_type.rb": {
        "lines": [
          1,
          1,
          1,
          1,
          1,
          1,
          1,
          null,
          null
        ]
      },
      "/app/app/mailers/application_mailer.rb": {
        "lines": [
          0,
          0,
          0,
          0
        ],
        "branches": {
        }
      },
      "/app/app/dashboards/unit_dashboard.rb": {
        "lines": [
          0,
          null,
          0,
          null,
          null,
          null,
          null,
          null,
          null,
          0,
          0,
          0,
          0,
          0,
          0,
          0,
          0,
          0,
          0,
          0,
          null,
          null,
          null,
          null,
          null,
          null,
          0,
          0,
          0,
          0,
          0,
          null,
          null,
          null,
          0,
          0,
          0,
          0,
          0,
          0,
          0,
          0,
          0,
          0,
          0,
          null,
          null,
          null,
          null,
          0,
          0,
          0,
          0,
          0,
          0,
          0,
          0,
          null,
          null,
          null,
          null,
          null,
          null,
          null,
          null,
          null,
          null,
          null,
          0,
          null,
          null,
          null,
          null,
          null,
          null,
          null,
          0
        ],
        "branches": {
        }
      },
      "/app/app/dashboards/lesson_dashboard.rb": {
        "lines": [
          0,
          null,
          0,
          null,
          null,
          null,
          null,
          null,
          null,
          0,
          0,
          0,
          0,
          0,
          0,
          0,
          0,
          0,
          0,
          0,
          null,
          null,
          null,
          null,
          null,
          null,
          0,
          0,
          0,
          0,
          0,
          null,
          null,
          null,
          0,
          0,
          0,
          0,
          0,
          0,
          0,
          0,
          0,
          0,
          null,
          null,
          null,
          null,
          0,
          0,
          0,
          0,
          0,
          0,
          0,
          0,
          null,
          null,
          null,
          null,
          null,
          null,
          null,
          null,
          null,
          null,
          null,
          0,
          null,
          null,
          null,
          null,
          null,
          null,
          null,
          0
        ],
        "branches": {
        }
      },
      "/app/app/dashboards/key_stage_dashboard.rb": {
        "lines": [
          0,
          null,
          0,
          null,
          null,
          null,
          null,
          null,
          null,
          0,
          0,
          0,
          0,
          0,
          0,
          0,
          0,
          0,
          null,
          null,
          null,
          null,
          null,
          null,
          0,
          0,
          0,
          0,
          0,
          null,
          null,
          null,
          0,
          0,
          0,
          0,
          0,
          0,
          0,
          0,
          0,
          null,
          null,
          null,
          null,
          0,
          0,
          0,
          0,
          0,
          0,
          null,
          null,
          null,
          null,
          null,
          null,
          null,
          null,
          null,
          null,
          null,
          0,
          null,
          null,
          null,
          null,
          null,
          null,
          null,
          0
        ],
        "branches": {
        }
      },
      "/app/app/dashboards/assessment_dashboard.rb": {
        "lines": [
          0,
          null,
          0,
          null,
          null,
          null,
          null,
          null,
          null,
          0,
          0,
          0,
          0,
          0,
          0,
          0,
          0,
          0,
          0,
          0,
          null,
          null,
          null,
          null,
          null,
          null,
          0,
          0,
          0,
          0,
          0,
          null,
          null,
          null,
          0,
          0,
          0,
          0,
          0,
          0,
          0,
          0,
          0,
          0,
          null,
          null,
          null,
          null,
          0,
          0,
          0,
          0,
          0,
          0,
          0,
          0,
          null,
          null,
          null,
          null,
          null,
          null,
          null,
          null,
          null,
          null,
          null,
          0,
          null,
          null,
          null,
          null,
          null,
          null,
          null,
          0
        ],
        "branches": {
        }
      },
      "/app/app/dashboards/year_group_dashboard.rb": {
        "lines": [
          0,
          null,
          0,
          null,
          null,
          null,
          null,
          null,
          null,
          0,
          0,
          0,
          0,
          0,
          0,
          0,
          0,
          0,
          null,
          null,
          null,
          null,
          null,
          null,
          0,
          0,
          0,
          0,
          0,
          0,
          0,
          null,
          null,
          null,
          0,
          0,
          0,
          0,
          0,
          0,
          0,
          0,
          null,
          null,
          null,
          null,
          0,
          0,
          0,
          0,
          0,
          0,
          null,
          null,
          null,
          null,
          null,
          null,
          null,
          null,
          null,
          null,
          null,
          0,
          null,
          null,
          null,
          null,
          null,
          null,
          null,
          0
        ],
        "branches": {
        }
      },
      "/app/app/graphql/types/base_input_object.rb": {
        "lines": [
          0,
          0,
          0,
          0,
          0
        ],
        "branches": {
        }
      },
      "/app/app/graphql/types/base_enum.rb": {
        "lines": [
          0,
          0,
          0,
          0
        ],
        "branches": {
        }
      },
      "/app/app/graphql/types/base_interface.rb": {
        "lines": [
          0,
          0,
          0,
          null,
          0,
          0,
          0
        ],
        "branches": {
        }
      },
      "/app/app/graphql/types/base_scalar.rb": {
        "lines": [
          0,
          0,
          0,
          0
        ],
        "branches": {
        }
      },
      "/app/app/graphql/types/base_union.rb": {
        "lines": [
          0,
          0,
          0,
          0
        ],
        "branches": {
        }
      },
      "/app/app/jobs/application_job.rb": {
        "lines": [
          0,
          null,
          null,
          null,
          null,
          null,
          0
        ],
        "branches": {
        }
      },
      "/app/app/controllers/admin/application_controller.rb": {
        "lines": [
          null,
          null,
          null,
          null,
          null,
          null,
          0,
          0,
          0,
          null,
          0,
          null,
          0,
          null,
          null,
          null,
          null,
          null,
          null,
          0,
          0
        ],
        "branches": {
        }
      },
      "/app/app/controllers/admin/assessments_controller.rb": {
        "lines": [
          0,
          0,
          null,
          null,
          null,
          null,
          null,
          null,
          null,
          null,
          null,
          null,
          null,
          null,
          null,
          null,
          null,
          null,
          null,
          null,
          null,
          null,
          null,
          null,
          null,
          null,
          null,
          null,
          null,
          null,
          null,
          null,
          null,
          null,
          null,
          null,
          null,
          null,
          null,
          null,
          null,
          null,
          null,
          null,
          0,
          0
        ],
        "branches": {
        }
      },
      "/app/app/controllers/admin/year_groups_controller.rb": {
        "lines": [
          0,
          0,
          null,
          null,
          null,
          null,
          null,
          null,
          null,
          null,
          null,
          null,
          null,
          null,
          null,
          null,
          null,
          null,
          null,
          null,
          null,
          null,
          null,
          null,
          null,
          null,
          null,
          null,
          null,
          null,
          null,
          null,
          null,
          null,
          null,
          null,
          null,
          null,
          null,
          null,
          null,
          null,
          null,
          null,
          0,
          0
        ],
        "branches": {
        }
      },
      "/app/app/controllers/admin/units_controller.rb": {
        "lines": [
          0,
          0,
          null,
          null,
          null,
          null,
          null,
          null,
          null,
          null,
          null,
          null,
          null,
          null,
          null,
          null,
          null,
          null,
          null,
          null,
          null,
          null,
          null,
          null,
          null,
          null,
          null,
          null,
          null,
          null,
          null,
          null,
          null,
          null,
          null,
          null,
          null,
          null,
          null,
          null,
          null,
          null,
          null,
          null,
          0,
          0
        ],
        "branches": {
        }
      },
      "/app/app/controllers/admin/lessons_controller.rb": {
        "lines": [
          0,
          0,
          null,
          null,
          null,
          null,
          null,
          null,
          null,
          null,
          null,
          null,
          null,
          null,
          null,
          null,
          null,
          null,
          null,
          null,
          null,
          null,
          null,
          null,
          null,
          null,
          null,
          null,
          null,
          null,
          null,
          null,
          null,
          null,
          null,
          null,
          null,
          null,
          null,
          null,
          null,
          null,
          null,
          null,
          0,
          0
        ],
        "branches": {
        }
      },
      "/app/app/controllers/admin/key_stages_controller.rb": {
        "lines": [
          0,
          0,
          null,
          null,
          null,
          null,
          null,
          null,
          null,
          null,
          null,
          null,
          null,
          null,
          null,
          null,
          null,
          null,
          null,
          null,
          null,
          null,
          null,
          null,
          null,
          null,
          null,
          null,
          null,
          null,
          null,
          null,
          null,
          null,
          null,
          null,
          null,
          null,
          null,
          null,
          null,
          null,
          null,
          null,
          0,
          0
        ],
        "branches": {
        }
      }
    },
    "timestamp": 1591885527
  }
}
